<?xml version="1.0" encoding="UTF-8"?>
<testsuite xmlns:xsi="http://www.w3.org/2001/XMLSchema-instance" xsi:noNamespaceSchemaLocation="https://maven.apache.org/surefire/maven-surefire-plugin/xsd/surefire-test-report.xsd" name="com.pirai.example.ExampleProjectApplicationTests" time="1.991" tests="1" errors="0" skipped="0" failures="0">
  <properties>
    <property name="java.specification.version" value="17"/>
    <property name="sun.jnu.encoding" value="UTF-8"/>
    <property name="java.class.path" value="/home/User-L38/Spring boot/ExampleProject/target/test-classes:/home/User-L38/Spring boot/ExampleProject/target/classes:/home/User-L38/.m2/repository/org/springframework/boot/spring-boot-starter/2.7.11-SNAPSHOT/spring-boot-starter-2.7.11-SNAPSHOT.jar:/home/User-L38/.m2/repository/org/springframework/boot/spring-boot/2.7.11-SNAPSHOT/spring-boot-2.7.11-SNAPSHOT.jar:/home/User-L38/.m2/repository/org/springframework/spring-context/5.3.26/spring-context-5.3.26.jar:/home/User-L38/.m2/repository/org/springframework/spring-aop/5.3.26/spring-aop-5.3.26.jar:/home/User-L38/.m2/repository/org/springframework/spring-beans/5.3.26/spring-beans-5.3.26.jar:/home/User-L38/.m2/repository/org/springframework/spring-expression/5.3.26/spring-expression-5.3.26.jar:/home/User-L38/.m2/repository/org/springframework/boot/spring-boot-autoconfigure/2.7.11-SNAPSHOT/spring-boot-autoconfigure-2.7.11-SNAPSHOT.jar:/home/User-L38/.m2/repository/org/springframework/boot/spring-boot-starter-logging/2.7.11-SNAPSHOT/spring-boot-starter-logging-2.7.11-SNAPSHOT.jar:/home/User-L38/.m2/repository/ch/qos/logback/logback-classic/1.2.11/logback-classic-1.2.11.jar:/home/User-L38/.m2/repository/ch/qos/logback/logback-core/1.2.11/logback-core-1.2.11.jar:/home/User-L38/.m2/repository/org/apache/logging/log4j/log4j-to-slf4j/2.17.2/log4j-to-slf4j-2.17.2.jar:/home/User-L38/.m2/repository/org/apache/logging/log4j/log4j-api/2.17.2/log4j-api-2.17.2.jar:/home/User-L38/.m2/repository/org/slf4j/jul-to-slf4j/1.7.36/jul-to-slf4j-1.7.36.jar:/home/User-L38/.m2/repository/jakarta/annotation/jakarta.annotation-api/1.3.5/jakarta.annotation-api-1.3.5.jar:/home/User-L38/.m2/repository/org/springframework/spring-core/5.3.26/spring-core-5.3.26.jar:/home/User-L38/.m2/repository/org/springframework/spring-jcl/5.3.26/spring-jcl-5.3.26.jar:/home/User-L38/.m2/repository/org/yaml/snakeyaml/1.30/snakeyaml-1.30.jar:/home/User-L38/.m2/repository/org/springframework/boot/spring-boot-devtools/2.7.11-SNAPSHOT/spring-boot-devtools-2.7.11-SNAPSHOT.jar:/home/User-L38/.m2/repository/org/springframework/boot/spring-boot-starter-test/2.7.11-SNAPSHOT/spring-boot-starter-test-2.7.11-SNAPSHOT.jar:/home/User-L38/.m2/repository/org/springframework/boot/spring-boot-test/2.7.11-SNAPSHOT/spring-boot-test-2.7.11-SNAPSHOT.jar:/home/User-L38/.m2/repository/org/springframework/boot/spring-boot-test-autoconfigure/2.7.11-SNAPSHOT/spring-boot-test-autoconfigure-2.7.11-SNAPSHOT.jar:/home/User-L38/.m2/repository/com/jayway/jsonpath/json-path/2.7.0/json-path-2.7.0.jar:/home/User-L38/.m2/repository/net/minidev/json-smart/2.4.10/json-smart-2.4.10.jar:/home/User-L38/.m2/repository/net/minidev/accessors-smart/2.4.9/accessors-smart-2.4.9.jar:/home/User-L38/.m2/repository/org/ow2/asm/asm/9.3/asm-9.3.jar:/home/User-L38/.m2/repository/org/slf4j/slf4j-api/1.7.36/slf4j-api-1.7.36.jar:/home/User-L38/.m2/repository/jakarta/xml/bind/jakarta.xml.bind-api/2.3.3/jakarta.xml.bind-api-2.3.3.jar:/home/User-L38/.m2/repository/jakarta/activation/jakarta.activation-api/1.2.2/jakarta.activation-api-1.2.2.jar:/home/User-L38/.m2/repository/org/assertj/assertj-core/3.22.0/assertj-core-3.22.0.jar:/home/User-L38/.m2/repository/org/hamcrest/hamcrest/2.2/hamcrest-2.2.jar:/home/User-L38/.m2/repository/org/junit/jupiter/junit-jupiter/5.8.2/junit-jupiter-5.8.2.jar:/home/User-L38/.m2/repository/org/junit/jupiter/junit-jupiter-api/5.8.2/junit-jupiter-api-5.8.2.jar:/home/User-L38/.m2/repository/org/opentest4j/opentest4j/1.2.0/opentest4j-1.2.0.jar:/home/User-L38/.m2/repository/org/junit/platform/junit-platform-commons/1.8.2/junit-platform-commons-1.8.2.jar:/home/User-L38/.m2/repository/org/apiguardian/apiguardian-api/1.1.2/apiguardian-api-1.1.2.jar:/home/User-L38/.m2/repository/org/junit/jupiter/junit-jupiter-params/5.8.2/junit-jupiter-params-5.8.2.jar:/home/User-L38/.m2/repository/org/junit/jupiter/junit-jupiter-engine/5.8.2/junit-jupiter-engine-5.8.2.jar:/home/User-L38/.m2/repository/org/junit/platform/junit-platform-engine/1.8.2/junit-platform-engine-1.8.2.jar:/home/User-L38/.m2/repository/org/mockito/mockito-core/4.5.1/mockito-core-4.5.1.jar:/home/User-L38/.m2/repository/net/bytebuddy/byte-buddy/1.12.23/byte-buddy-1.12.23.jar:/home/User-L38/.m2/repository/net/bytebuddy/byte-buddy-agent/1.12.23/byte-buddy-agent-1.12.23.jar:/home/User-L38/.m2/repository/org/objenesis/objenesis/3.2/objenesis-3.2.jar:/home/User-L38/.m2/repository/org/mockito/mockito-junit-jupiter/4.5.1/mockito-junit-jupiter-4.5.1.jar:/home/User-L38/.m2/repository/org/skyscreamer/jsonassert/1.5.1/jsonassert-1.5.1.jar:/home/User-L38/.m2/repository/com/vaadin/external/google/android-json/0.0.20131108.vaadin1/android-json-0.0.20131108.vaadin1.jar:/home/User-L38/.m2/repository/org/springframework/spring-test/5.3.26/spring-test-5.3.26.jar:/home/User-L38/.m2/repository/org/xmlunit/xmlunit-core/2.9.1/xmlunit-core-2.9.1.jar:"/>
    <property name="java.vm.vendor" value="Eclipse Adoptium"/>
    <property name="sun.arch.data.model" value="64"/>
    <property name="java.vendor.url" value="https://adoptium.net/"/>
    <property name="os.name" value="Linux"/>
    <property name="java.vm.specification.version" value="17"/>
    <property name="sun.java.launcher" value="SUN_STANDARD"/>
    <property name="user.country" value="IN"/>
    <property name="sun.boot.library.path" value="/home/User-L38/application/spring/sts-4.18.0.RELEASE/plugins/org.eclipse.justj.openjdk.hotspot.jre.full.linux.x86_64_17.0.6.v20230204-1729/jre/lib"/>
    <property name="sun.java.command" value="/home/User-L38/Spring boot/ExampleProject/target/surefire/surefirebooter8411881557272960547.jar /home/User-L38/Spring boot/ExampleProject/target/surefire 2023-03-28T12-05-31_596-jvmRun1 surefire2770982332817660824tmp surefire_0932342394498775433tmp"/>
    <property name="jdk.debug" value="release"/>
    <property name="surefire.test.class.path" value="/home/User-L38/Spring boot/ExampleProject/target/test-classes:/home/User-L38/Spring boot/ExampleProject/target/classes:/home/User-L38/.m2/repository/org/springframework/boot/spring-boot-starter/2.7.11-SNAPSHOT/spring-boot-starter-2.7.11-SNAPSHOT.jar:/home/User-L38/.m2/repository/org/springframework/boot/spring-boot/2.7.11-SNAPSHOT/spring-boot-2.7.11-SNAPSHOT.jar:/home/User-L38/.m2/repository/org/springframework/spring-context/5.3.26/spring-context-5.3.26.jar:/home/User-L38/.m2/repository/org/springframework/spring-aop/5.3.26/spring-aop-5.3.26.jar:/home/User-L38/.m2/repository/org/springframework/spring-beans/5.3.26/spring-beans-5.3.26.jar:/home/User-L38/.m2/repository/org/springframework/spring-expression/5.3.26/spring-expression-5.3.26.jar:/home/User-L38/.m2/repository/org/springframework/boot/spring-boot-autoconfigure/2.7.11-SNAPSHOT/spring-boot-autoconfigure-2.7.11-SNAPSHOT.jar:/home/User-L38/.m2/repository/org/springframework/boot/spring-boot-starter-logging/2.7.11-SNAPSHOT/spring-boot-starter-logging-2.7.11-SNAPSHOT.jar:/home/User-L38/.m2/repository/ch/qos/logback/logback-classic/1.2.11/logback-classic-1.2.11.jar:/home/User-L38/.m2/repository/ch/qos/logback/logback-core/1.2.11/logback-core-1.2.11.jar:/home/User-L38/.m2/repository/org/apache/logging/log4j/log4j-to-slf4j/2.17.2/log4j-to-slf4j-2.17.2.jar:/home/User-L38/.m2/repository/org/apache/logging/log4j/log4j-api/2.17.2/log4j-api-2.17.2.jar:/home/User-L38/.m2/repository/org/slf4j/jul-to-slf4j/1.7.36/jul-to-slf4j-1.7.36.jar:/home/User-L38/.m2/repository/jakarta/annotation/jakarta.annotation-api/1.3.5/jakarta.annotation-api-1.3.5.jar:/home/User-L38/.m2/repository/org/springframework/spring-core/5.3.26/spring-core-5.3.26.jar:/home/User-L38/.m2/repository/org/springframework/spring-jcl/5.3.26/spring-jcl-5.3.26.jar:/home/User-L38/.m2/repository/org/yaml/snakeyaml/1.30/snakeyaml-1.30.jar:/home/User-L38/.m2/repository/org/springframework/boot/spring-boot-devtools/2.7.11-SNAPSHOT/spring-boot-devtools-2.7.11-SNAPSHOT.jar:/home/User-L38/.m2/repository/org/springframework/boot/spring-boot-starter-test/2.7.11-SNAPSHOT/spring-boot-starter-test-2.7.11-SNAPSHOT.jar:/home/User-L38/.m2/repository/org/springframework/boot/spring-boot-test/2.7.11-SNAPSHOT/spring-boot-test-2.7.11-SNAPSHOT.jar:/home/User-L38/.m2/repository/org/springframework/boot/spring-boot-test-autoconfigure/2.7.11-SNAPSHOT/spring-boot-test-autoconfigure-2.7.11-SNAPSHOT.jar:/home/User-L38/.m2/repository/com/jayway/jsonpath/json-path/2.7.0/json-path-2.7.0.jar:/home/User-L38/.m2/repository/net/minidev/json-smart/2.4.10/json-smart-2.4.10.jar:/home/User-L38/.m2/repository/net/minidev/accessors-smart/2.4.9/accessors-smart-2.4.9.jar:/home/User-L38/.m2/repository/org/ow2/asm/asm/9.3/asm-9.3.jar:/home/User-L38/.m2/repository/org/slf4j/slf4j-api/1.7.36/slf4j-api-1.7.36.jar:/home/User-L38/.m2/repository/jakarta/xml/bind/jakarta.xml.bind-api/2.3.3/jakarta.xml.bind-api-2.3.3.jar:/home/User-L38/.m2/repository/jakarta/activation/jakarta.activation-api/1.2.2/jakarta.activation-api-1.2.2.jar:/home/User-L38/.m2/repository/org/assertj/assertj-core/3.22.0/assertj-core-3.22.0.jar:/home/User-L38/.m2/repository/org/hamcrest/hamcrest/2.2/hamcrest-2.2.jar:/home/User-L38/.m2/repository/org/junit/jupiter/junit-jupiter/5.8.2/junit-jupiter-5.8.2.jar:/home/User-L38/.m2/repository/org/junit/jupiter/junit-jupiter-api/5.8.2/junit-jupiter-api-5.8.2.jar:/home/User-L38/.m2/repository/org/opentest4j/opentest4j/1.2.0/opentest4j-1.2.0.jar:/home/User-L38/.m2/repository/org/junit/platform/junit-platform-commons/1.8.2/junit-platform-commons-1.8.2.jar:/home/User-L38/.m2/repository/org/apiguardian/apiguardian-api/1.1.2/apiguardian-api-1.1.2.jar:/home/User-L38/.m2/repository/org/junit/jupiter/junit-jupiter-params/5.8.2/junit-jupiter-params-5.8.2.jar:/home/User-L38/.m2/repository/org/junit/jupiter/junit-jupiter-engine/5.8.2/junit-jupiter-engine-5.8.2.jar:/home/User-L38/.m2/repository/org/junit/platform/junit-platform-engine/1.8.2/junit-platform-engine-1.8.2.jar:/home/User-L38/.m2/repository/org/mockito/mockito-core/4.5.1/mockito-core-4.5.1.jar:/home/User-L38/.m2/repository/net/bytebuddy/byte-buddy/1.12.23/byte-buddy-1.12.23.jar:/home/User-L38/.m2/repository/net/bytebuddy/byte-buddy-agent/1.12.23/byte-buddy-agent-1.12.23.jar:/home/User-L38/.m2/repository/org/objenesis/objenesis/3.2/objenesis-3.2.jar:/home/User-L38/.m2/repository/org/mockito/mockito-junit-jupiter/4.5.1/mockito-junit-jupiter-4.5.1.jar:/home/User-L38/.m2/repository/org/skyscreamer/jsonassert/1.5.1/jsonassert-1.5.1.jar:/home/User-L38/.m2/repository/com/vaadin/external/google/android-json/0.0.20131108.vaadin1/android-json-0.0.20131108.vaadin1.jar:/home/User-L38/.m2/repository/org/springframework/spring-test/5.3.26/spring-test-5.3.26.jar:/home/User-L38/.m2/repository/org/xmlunit/xmlunit-core/2.9.1/xmlunit-core-2.9.1.jar:"/>
    <property name="sun.cpu.endian" value="little"/>
    <property name="user.home" value="/home/User-L38"/>
    <property name="user.language" value="en"/>
    <property name="java.specification.vendor" value="Oracle Corporation"/>
    <property name="java.version.date" value="2023-01-17"/>
    <property name="java.home" value="/home/User-L38/application/spring/sts-4.18.0.RELEASE/plugins/org.eclipse.justj.openjdk.hotspot.jre.full.linux.x86_64_17.0.6.v20230204-1729/jre"/>
    <property name="file.separator" value="/"/>
    <property name="style.color" value="always"/>
    <property name="basedir" value="/home/User-L38/Spring boot/ExampleProject"/>
    <property name="java.vm.compressedOopsMode" value="Zero based"/>
    <property name="line.separator" value="&#10;"/>
    <property name="java.vm.specification.vendor" value="Oracle Corporation"/>
    <property name="java.specification.name" value="Java Platform API Specification"/>
    <property name="surefire.real.class.path" value="/home/User-L38/Spring boot/ExampleProject/target/surefire/surefirebooter8411881557272960547.jar"/>
    <property name="sun.management.compiler" value="HotSpot 64-Bit Tiered Compilers"/>
    <property name="java.runtime.version" value="17.0.6+10"/>
    <property name="user.name" value="User-L38"/>
    <property name="path.separator" value=":"/>
    <property name="os.version" value="5.15.0-1007-nvidia"/>
    <property name="java.runtime.name" value="OpenJDK Runtime Environment"/>
    <property name="file.encoding" value="UTF-8"/>
    <property name="java.vm.name" value="OpenJDK 64-Bit Server VM"/>
    <property name="java.vendor.version" value="Temurin-17.0.6+10"/>
    <property name="localRepository" value="/home/User-L38/.m2/repository"/>
    <property name="java.vendor.url.bug" value="https://github.com/adoptium/adoptium-support/issues"/>
    <property name="java.io.tmpdir" value="/tmp"/>
    <property name="java.version" value="17.0.6"/>
    <property name="user.dir" value="/home/User-L38/Spring boot/ExampleProject"/>
    <property name="os.arch" value="amd64"/>
    <property name="java.vm.specification.name" value="Java Virtual Machine Specification"/>
    <property name="native.encoding" value="UTF-8"/>
    <property name="java.library.path" value="/usr/java/packages/lib:/usr/lib64:/lib64:/lib:/usr/lib"/>
    <property name="java.vm.info" value="mixed mode"/>
    <property name="java.vendor" value="Eclipse Adoptium"/>
    <property name="java.vm.version" value="17.0.6+10"/>
    <property name="sun.io.unicode.encoding" value="UnicodeLittle"/>
    <property name="java.class.version" value="61.0"/>
  </properties>
  <testcase name="contextLoads" classname="com.pirai.example.ExampleProjectApplicationTests" time="0.509"/>
</testsuite>